2025-12-24 16:22:27,359 - INFO - Starting Job: late_return_prediction -> ../../data_lake/raw_data/late_return_prediction/v1/data.parquet
2025-12-24 16:22:27,383 - ERROR - Pipeline Failed: [Errno 2] No such file or directory: 'queries/late_return_prediction.sql'
Traceback (most recent call last):
  File "/app/src/raw_extraction/./run_job.py", line 93, in main
    with open(file_path, 'r') as f:
         ^^^^^^^^^^^^^^^^^^^^
FileNotFoundError: [Errno 2] No such file or directory: 'queries/late_return_prediction.sql'
2025-12-24 16:22:52,641 - ERROR - Version v1 already exists.
2025-12-24 16:23:31,365 - INFO - Starting Job: late_return_prediction -> ../../data_lake/raw_data/late_return_prediction/v1/data.parquet
2025-12-24 16:23:31,390 - INFO - Calculating total rows for progress bar...
2025-12-24 16:23:31,431 - WARNING - Could not determine total row count: (pymysql.err.OperationalError) (2003, "Can't connect to MySQL server on 'example-mysql-db-network' ([Errno -3] Temporary failure in name resolution)")
(Background on this error at: https://sqlalche.me/e/20/e3q8)
2025-12-24 16:23:31,431 - INFO - Total Rows detected: 0
2025-12-24 16:23:31,448 - ERROR - Pipeline Failed: (pymysql.err.OperationalError) (2003, "Can't connect to MySQL server on 'example-mysql-db-network' ([Errno -3] Temporary failure in name resolution)")
(Background on this error at: https://sqlalche.me/e/20/e3q8)
Traceback (most recent call last):
  File "/opt/venv/lib/python3.12/site-packages/pymysql/connections.py", line 661, in connect
    sock = socket.create_connection(
           ^^^^^^^^^^^^^^^^^^^^^^^^^
  File "/usr/local/lib/python3.12/socket.py", line 841, in create_connection
    for res in getaddrinfo(host, port, 0, SOCK_STREAM):
               ^^^^^^^^^^^^^^^^^^^^^^^^^^^^^^^^^^^^^^^
  File "/usr/local/lib/python3.12/socket.py", line 978, in getaddrinfo
    for res in _socket.getaddrinfo(host, port, family, type, proto, flags):
               ^^^^^^^^^^^^^^^^^^^^^^^^^^^^^^^^^^^^^^^^^^^^^^^^^^^^^^^^^^^
socket.gaierror: [Errno -3] Temporary failure in name resolution

During handling of the above exception, another exception occurred:

Traceback (most recent call last):
  File "/opt/venv/lib/python3.12/site-packages/sqlalchemy/engine/base.py", line 143, in __init__
    self._dbapi_connection = engine.raw_connection()
                             ^^^^^^^^^^^^^^^^^^^^^^^
  File "/opt/venv/lib/python3.12/site-packages/sqlalchemy/engine/base.py", line 3309, in raw_connection
    return self.pool.connect()
           ^^^^^^^^^^^^^^^^^^^
  File "/opt/venv/lib/python3.12/site-packages/sqlalchemy/pool/base.py", line 447, in connect
    return _ConnectionFairy._checkout(self)
           ^^^^^^^^^^^^^^^^^^^^^^^^^^^^^^^^
  File "/opt/venv/lib/python3.12/site-packages/sqlalchemy/pool/base.py", line 1264, in _checkout
    fairy = _ConnectionRecord.checkout(pool)
            ^^^^^^^^^^^^^^^^^^^^^^^^^^^^^^^^
  File "/opt/venv/lib/python3.12/site-packages/sqlalchemy/pool/base.py", line 711, in checkout
    rec = pool._do_get()
          ^^^^^^^^^^^^^^
  File "/opt/venv/lib/python3.12/site-packages/sqlalchemy/pool/impl.py", line 177, in _do_get
    with util.safe_reraise():
         ^^^^^^^^^^^^^^^^^^^
  File "/opt/venv/lib/python3.12/site-packages/sqlalchemy/util/langhelpers.py", line 224, in __exit__
    raise exc_value.with_traceback(exc_tb)
  File "/opt/venv/lib/python3.12/site-packages/sqlalchemy/pool/impl.py", line 175, in _do_get
    return self._create_connection()
           ^^^^^^^^^^^^^^^^^^^^^^^^^
  File "/opt/venv/lib/python3.12/site-packages/sqlalchemy/pool/base.py", line 388, in _create_connection
    return _ConnectionRecord(self)
           ^^^^^^^^^^^^^^^^^^^^^^^
  File "/opt/venv/lib/python3.12/site-packages/sqlalchemy/pool/base.py", line 673, in __init__
    self.__connect()
  File "/opt/venv/lib/python3.12/site-packages/sqlalchemy/pool/base.py", line 899, in __connect
    with util.safe_reraise():
         ^^^^^^^^^^^^^^^^^^^
  File "/opt/venv/lib/python3.12/site-packages/sqlalchemy/util/langhelpers.py", line 224, in __exit__
    raise exc_value.with_traceback(exc_tb)
  File "/opt/venv/lib/python3.12/site-packages/sqlalchemy/pool/base.py", line 895, in __connect
    self.dbapi_connection = connection = pool._invoke_creator(self)
                                         ^^^^^^^^^^^^^^^^^^^^^^^^^^
  File "/opt/venv/lib/python3.12/site-packages/sqlalchemy/engine/create.py", line 661, in connect
    return dialect.connect(*cargs, **cparams)
           ^^^^^^^^^^^^^^^^^^^^^^^^^^^^^^^^^^
  File "/opt/venv/lib/python3.12/site-packages/sqlalchemy/engine/default.py", line 630, in connect
    return self.loaded_dbapi.connect(*cargs, **cparams)  # type: ignore[no-any-return]  # NOQA: E501
           ^^^^^^^^^^^^^^^^^^^^^^^^^^^^^^^^^^^^^^^^^^^^
  File "/opt/venv/lib/python3.12/site-packages/pymysql/connections.py", line 365, in __init__
    self.connect()
  File "/opt/venv/lib/python3.12/site-packages/pymysql/connections.py", line 723, in connect
    raise exc
pymysql.err.OperationalError: (2003, "Can't connect to MySQL server on 'example-mysql-db-network' ([Errno -3] Temporary failure in name resolution)")

The above exception was the direct cause of the following exception:

Traceback (most recent call last):
  File "/app/src/raw_extraction/./run_job.py", line 107, in main
    engine_lib.write_parquet_stream(stream, output_file, compression, total_rows)
  File "/app/src/raw_extraction/pipeline_engine.py", line 81, in write_parquet_stream
    for df_chunk in data_stream:
                    ^^^^^^^^^^^
  File "/app/src/raw_extraction/pipeline_engine.py", line 71, in stream_data
    with engine.connect().execution_options(stream_results=True) as conn:
         ^^^^^^^^^^^^^^^^
  File "/opt/venv/lib/python3.12/site-packages/sqlalchemy/engine/base.py", line 3285, in connect
    return self._connection_cls(self)
           ^^^^^^^^^^^^^^^^^^^^^^^^^^
  File "/opt/venv/lib/python3.12/site-packages/sqlalchemy/engine/base.py", line 145, in __init__
    Connection._handle_dbapi_exception_noconnection(
  File "/opt/venv/lib/python3.12/site-packages/sqlalchemy/engine/base.py", line 2448, in _handle_dbapi_exception_noconnection
    raise sqlalchemy_exception.with_traceback(exc_info[2]) from e
  File "/opt/venv/lib/python3.12/site-packages/sqlalchemy/engine/base.py", line 143, in __init__
    self._dbapi_connection = engine.raw_connection()
                             ^^^^^^^^^^^^^^^^^^^^^^^
  File "/opt/venv/lib/python3.12/site-packages/sqlalchemy/engine/base.py", line 3309, in raw_connection
    return self.pool.connect()
           ^^^^^^^^^^^^^^^^^^^
  File "/opt/venv/lib/python3.12/site-packages/sqlalchemy/pool/base.py", line 447, in connect
    return _ConnectionFairy._checkout(self)
           ^^^^^^^^^^^^^^^^^^^^^^^^^^^^^^^^
  File "/opt/venv/lib/python3.12/site-packages/sqlalchemy/pool/base.py", line 1264, in _checkout
    fairy = _ConnectionRecord.checkout(pool)
            ^^^^^^^^^^^^^^^^^^^^^^^^^^^^^^^^
  File "/opt/venv/lib/python3.12/site-packages/sqlalchemy/pool/base.py", line 711, in checkout
    rec = pool._do_get()
          ^^^^^^^^^^^^^^
  File "/opt/venv/lib/python3.12/site-packages/sqlalchemy/pool/impl.py", line 177, in _do_get
    with util.safe_reraise():
         ^^^^^^^^^^^^^^^^^^^
  File "/opt/venv/lib/python3.12/site-packages/sqlalchemy/util/langhelpers.py", line 224, in __exit__
    raise exc_value.with_traceback(exc_tb)
  File "/opt/venv/lib/python3.12/site-packages/sqlalchemy/pool/impl.py", line 175, in _do_get
    return self._create_connection()
           ^^^^^^^^^^^^^^^^^^^^^^^^^
  File "/opt/venv/lib/python3.12/site-packages/sqlalchemy/pool/base.py", line 388, in _create_connection
    return _ConnectionRecord(self)
           ^^^^^^^^^^^^^^^^^^^^^^^
  File "/opt/venv/lib/python3.12/site-packages/sqlalchemy/pool/base.py", line 673, in __init__
    self.__connect()
  File "/opt/venv/lib/python3.12/site-packages/sqlalchemy/pool/base.py", line 899, in __connect
    with util.safe_reraise():
         ^^^^^^^^^^^^^^^^^^^
  File "/opt/venv/lib/python3.12/site-packages/sqlalchemy/util/langhelpers.py", line 224, in __exit__
    raise exc_value.with_traceback(exc_tb)
  File "/opt/venv/lib/python3.12/site-packages/sqlalchemy/pool/base.py", line 895, in __connect
    self.dbapi_connection = connection = pool._invoke_creator(self)
                                         ^^^^^^^^^^^^^^^^^^^^^^^^^^
  File "/opt/venv/lib/python3.12/site-packages/sqlalchemy/engine/create.py", line 661, in connect
    return dialect.connect(*cargs, **cparams)
           ^^^^^^^^^^^^^^^^^^^^^^^^^^^^^^^^^^
  File "/opt/venv/lib/python3.12/site-packages/sqlalchemy/engine/default.py", line 630, in connect
    return self.loaded_dbapi.connect(*cargs, **cparams)  # type: ignore[no-any-return]  # NOQA: E501
           ^^^^^^^^^^^^^^^^^^^^^^^^^^^^^^^^^^^^^^^^^^^^
  File "/opt/venv/lib/python3.12/site-packages/pymysql/connections.py", line 365, in __init__
    self.connect()
  File "/opt/venv/lib/python3.12/site-packages/pymysql/connections.py", line 723, in connect
    raise exc
sqlalchemy.exc.OperationalError: (pymysql.err.OperationalError) (2003, "Can't connect to MySQL server on 'example-mysql-db-network' ([Errno -3] Temporary failure in name resolution)")
(Background on this error at: https://sqlalche.me/e/20/e3q8)
2025-12-24 16:31:47,566 - ERROR - Version v1 already exists.
2025-12-24 16:32:55,124 - INFO - Starting Job: late_return_prediction -> ../../data_lake/raw_data/late_return_prediction/v1/data.parquet
2025-12-24 16:32:55,148 - INFO - Calculating total rows for progress bar...
2025-12-24 16:32:55,152 - WARNING - Could not determine total row count: (pymysql.err.ProgrammingError) (1064, "You have an error in your SQL syntax; check the manual that corresponds to your MySQL server version for the right syntax to use near ';) as subquery' at line 33")
[SQL: SELECT COUNT(*) FROM (SELECT 
    r.rental_id,
    r.rental_date,
    r.return_date,
    -- Feature: The limit given to the customer (e.g., 3 days)
    f.rental_duration AS allowed_days,
    -- Feature: Calculate how long they actually kept it
    DATEDIFF(r.return_date, r.rental_date) AS actual_days,
    -- TARGET VARIABLE: 1 if late, 0 if on time
    CASE 
        WHEN DATEDIFF(r.return_date, r.rental_date) > f.rental_duration THEN 1 
        ELSE 0 
    END AS is_late,
    -- Movie Features
    f.title,
    f.length AS film_length_minutes,
    f.rating AS film_rating,
    f.rental_rate,
    f.replacement_cost,
    f.special_features,
    c.name AS category,
    -- Customer/Store Features
    cust.active AS is_active_customer,
    s.store_id
FROM rental r
JOIN inventory i ON r.inventory_id = i.inventory_id
JOIN film f ON i.film_id = f.film_id
JOIN film_category fc ON f.film_id = fc.film_id
JOIN category c ON fc.category_id = c.category_id
JOIN customer cust ON r.customer_id = cust.customer_id
JOIN store s ON i.store_id = s.store_id
-- We only want records where the item has actually been returned to train the model
WHERE r.return_date IS NOT NULL;) as subquery]
(Background on this error at: https://sqlalche.me/e/20/f405)
2025-12-24 16:32:55,152 - INFO - Total Rows detected: 0
2025-12-24 16:32:55,506 - INFO - DONE. Duration: 0.38s
2025-12-24 16:39:32,958 - ERROR - Version v1 already exists.
2025-12-24 16:40:35,426 - INFO - Starting Job: late_return_prediction -> ../../data_lake/raw_data/late_return_prediction/v1/data.parquet
2025-12-24 16:40:35,451 - INFO - Calculating total rows for progress bar...
2025-12-24 16:40:35,455 - WARNING - Could not determine total row count: (pymysql.err.ProgrammingError) (1064, "You have an error in your SQL syntax; check the manual that corresponds to your MySQL server version for the right syntax to use near ';) as subquery' at line 33")
[SQL: SELECT COUNT(*) FROM (SELECT 
    r.rental_id,
    r.rental_date,
    r.return_date,
    -- Feature: The limit given to the customer (e.g., 3 days)
    f.rental_duration AS allowed_days,
    -- Feature: Calculate how long they actually kept it
    DATEDIFF(r.return_date, r.rental_date) AS actual_days,
    -- TARGET VARIABLE: 1 if late, 0 if on time
    CASE 
        WHEN DATEDIFF(r.return_date, r.rental_date) > f.rental_duration THEN 1 
        ELSE 0 
    END AS is_late,
    -- Movie Features
    f.title,
    f.length AS film_length_minutes,
    f.rating AS film_rating,
    f.rental_rate,
    f.replacement_cost,
    f.special_features,
    c.name AS category,
    -- Customer/Store Features
    cust.active AS is_active_customer,
    s.store_id
FROM rental r
JOIN inventory i ON r.inventory_id = i.inventory_id
JOIN film f ON i.film_id = f.film_id
JOIN film_category fc ON f.film_id = fc.film_id
JOIN category c ON fc.category_id = c.category_id
JOIN customer cust ON r.customer_id = cust.customer_id
JOIN store s ON i.store_id = s.store_id
-- We only want records where the item has actually been returned to train the model
WHERE r.return_date IS NOT NULL;) as subquery]
(Background on this error at: https://sqlalche.me/e/20/f405)
2025-12-24 16:40:35,455 - INFO - Total Rows detected: 0
2025-12-24 16:40:35,755 - INFO - DONE. Duration: 0.33s
2025-12-24 16:46:25,221 - INFO - Starting Job: late_return_prediction -> ../../data_lake/raw_data/late_return_prediction/v1/data.parquet
2025-12-24 16:46:25,258 - INFO - Calculating total rows for progress bar...
2025-12-24 16:46:25,289 - INFO - Total Rows detected: 15,861
2025-12-24 16:46:25,594 - INFO - DONE. Duration: 0.37s
